Arguments: 
  C:\nvm-nodejs\node.exe C:\Users\to_wy\AppData\Roaming\npm\node_modules\yarn\bin\yarn.js install

PATH: 
  C:\windows\system32;C:\windows;C:\windows\System32\Wbem;C:\windows\System32\WindowsPowerShell\v1.0\;C:\windows\System32\OpenSSH\;C:\Program Files\MySQL\MySQL Server 8.0\bin;D:\YJWANG\workspace\mysql-8.1.0-winx64\bin;C:\Program Files\Redis\;C:\Program Files\dotnet\;C:\Users\to_wy\AppData\Roaming\nvm;C:\nvm-nodejs;C:\Program Files\Docker\Docker\resources\bin;C:\Program Files\Git\cmd;C:\Program Files\Go\bin;C:\Users\to_wy\miniconda3;C:\Users\to_wy\miniconda3\Library\mingw-w64\bin;C:\Users\to_wy\miniconda3\Library\usr\bin;C:\Users\to_wy\miniconda3\Library\bin;C:\Users\to_wy\miniconda3\Scripts;C:\Users\to_wy\AppData\Local\Microsoft\WindowsApps;C:\Users\to_wy\AppData\Local\Programs\Microsoft VS Code\bin;C:\Program Files\JetBrains\PyCharm Community Edition 2022.2.4\bin;;C:\mingw64\bin;C:\Program Files\JetBrains\PhpStorm 2023.2.3\bin;;C:\Users\to_wy\AppData\Roaming\npm;C:\Users\to_wy\.dotnet\tools;C:\Users\to_wy\AppData\Roaming\nvm;C:\nvm-nodejs;C:\Users\to_wy\AppData\Local\Programs\oh-my-posh\bin;C:\Users\to_wy\go\bin;

Yarn version: 
  1.22.19

Node version: 
  20.10.0

Platform: 
  win32 x64

Trace: 
  Error: ENOENT: no such file or directory, copyfile 'C:\Users\to_wy\AppData\Local\Yarn\Cache\v6\npm-globby-11.1.0-bd4be98bb042f83d796f7e3811991fbe82a0d34b-integrity\node_modules\globby\index.js' -> 'D:\YJWANG\workspace\code\js\my-app\node_modules\@typescript-eslint\typescript-estree\node_modules\globby\index.js'

npm manifest: 
  {
    "private": true,
    "author": "Yongjun <wangyj641@gmail.com>",
    "scripts": {
      "dev": "umi dev",
      "build": "umi build",
      "postinstall": "umi setup",
      "setup": "umi setup",
      "start": "npm run dev"
    },
    "dependencies": {
      "umi": "^4.3.14"
    },
    "devDependencies": {
      "@types/react": "^18.0.33",
      "@types/react-dom": "^18.0.11",
      "typescript": "^5.0.3"
    }
  }

yarn manifest: 
  No manifest

Lockfile: 
  No lockfile
